<?xml version="1.0" encoding="UTF-8"?>
<!-- Generated by org.testng.reporters.JUnitXMLReporter -->
<testsuite ignored="6" hostname="INLPF3L888S" failures="0" tests="3" name="groupTest" time="0.071" errors="0" timestamp="2024-10-30T15:17:36 IST">
  <testcase classname="TestNGgrouping.PaymentTest" name="paymentTestFB" time="0.01"/>
  <testcase classname="TestNGgrouping.PaymentTest" name="paymentTestInsta" time="0.0"/>
  <testcase classname="TestNGgrouping.PaymentTest" name="paymentTestTwitter" time="0.005"/>
  <testcase classname="TestNGgrouping.signuptest" name="signupToTwitter" time="0.0">
    <ignored/>
  </testcase> <!-- signupToTwitter -->
  <testcase classname="TestNGgrouping.signuptest" name="signupToInsta" time="0.0">
    <ignored/>
  </testcase> <!-- signupToInsta -->
  <testcase classname="TestNGgrouping.Logintest" name="loginByInsta" time="0.0">
    <ignored/>
  </testcase> <!-- loginByInsta -->
  <testcase classname="TestNGgrouping.signuptest" name="signupToFB" time="0.0">
    <ignored/>
  </testcase> <!-- signupToFB -->
  <testcase classname="TestNGgrouping.Logintest" name="loginByFB" time="0.0">
    <ignored/>
  </testcase> <!-- loginByFB -->
  <testcase classname="TestNGgrouping.Logintest" name="loginByTwitter" time="0.0">
    <ignored/>
  </testcase> <!-- loginByTwitter -->
</testsuite> <!-- groupTest -->
