<?xml version="1.0" encoding="UTF-8"?>
<!-- Generated by org.testng.reporters.JUnitXMLReporter -->
<testsuite ignored="0" hostname="INLPF3L888S" failures="1" tests="3" name="listerTest" time="11.604" errors="0" timestamp="2024-11-04T14:27:50 IST">
  <testcase classname="TestNGListeners.OrangeHRM" name="testLogo" time="0.04"/>
  <testcase classname="TestNGListeners.OrangeHRM" name="testURL" time="0.017">
    <failure type="java.lang.AssertionError" message="expected [https://opensource-demo.orangehrmlive.com/web/index.php/auth/logout] but found [https://opensource-demo.orangehrmlive.com/web/index.php/auth/login]">
      <![CDATA[java.lang.AssertionError: expected [https://opensource-demo.orangehrmlive.com/web/index.php/auth/logout] but found [https://opensource-demo.orangehrmlive.com/web/index.php/auth/login]
at TestNGListeners.OrangeHRM.testURL(OrangeHRM.java:39)
at java.base/java.util.ArrayList.forEach(ArrayList.java:1511)
... Removed 33 stack frames]]>
    </failure>
  </testcase> <!-- testURL -->
  <testcase classname="TestNGListeners.OrangeHRM" name="testHomepageTitle" time="0.0">
    <skipped/>
  </testcase> <!-- testHomepageTitle -->
</testsuite> <!-- listerTest -->
